[14:52:25] Using the in-memory credential store as the operating system's credential store could not be accessed. Please see https://aka.ms/vscode-server-keyring on how to set this up. Details: Cannot find module '../build/Release/keytar.node'
Require stack:
- /app/code-server/lib/vscode/node_modules/keytar/lib/keytar.js
- /app/code-server/lib/vscode/out/bootstrap-amd.js
- /app/code-server/out/node/util.js
- /app/code-server/out/node/cli.js
- /app/code-server/out/node/entry.js
Error: Unexpected SIGPIPE
    at process.<anonymous> (/app/code-server/lib/vscode/out/bootstrap.js:1:407)
    at process.emit (node:events:525:35)
[14:57:00] Error: Unexpected SIGPIPE
    at process.<anonymous> (/app/code-server/lib/vscode/out/vs/server/node/server.main.js:148:7922)
    at process.emit (node:events:525:35)
Error: Unexpected SIGPIPE
    at process.<anonymous> (/app/code-server/lib/vscode/out/bootstrap.js:1:407)
    at process.emit (node:events:525:35)
[14:57:01] Error: Unexpected SIGPIPE
    at process.<anonymous> (/app/code-server/lib/vscode/out/vs/server/node/server.main.js:148:7922)
    at process.emit (node:events:525:35)
[15:14:11] RequestStore#acceptReply was called without receiving a matching request 89
[15:14:11] RequestStore#acceptReply was called without receiving a matching request 90
[15:14:12] RequestStore#acceptReply was called without receiving a matching request 91
[15:14:13] RequestStore#acceptReply was called without receiving a matching request 92
Error: Unexpected SIGPIPE
    at process.<anonymous> (/app/code-server/lib/vscode/out/bootstrap.js:1:407)
    at process.emit (node:events:525:35)
[15:14:29] Error: Unexpected SIGPIPE
    at process.<anonymous> (/app/code-server/lib/vscode/out/vs/server/node/server.main.js:148:7922)
    at process.emit (node:events:525:35)
Error: Unexpected SIGPIPE
    at process.<anonymous> (/app/code-server/lib/vscode/out/bootstrap.js:1:407)
    at process.emit (node:events:525:35)
[15:14:29] Error: Unexpected SIGPIPE
    at process.<anonymous> (/app/code-server/lib/vscode/out/vs/server/node/server.main.js:148:7922)
    at process.emit (node:events:525:35)
