[2024-01-13 14:52:32.175] [exthost] [info] Extension host with pid 229 started
[2024-01-13 14:52:32.190] [exthost] [info] Lock '/config/data/User/workspaceStorage/3fe5c27f/vscode.lock': Lock acquired.
[2024-01-13 14:52:32.965] [exthost] [info] ExtensionService#_doActivateExtension vscode.markdown-language-features, startup: false, activationEvent: 'onCommand:markdown.showPreview'
[2024-01-13 14:52:33.106] [exthost] [info] ExtensionService#_doActivateExtension vscode.debug-auto-launch, startup: false, activationEvent: '*'
[2024-01-13 14:52:33.111] [exthost] [info] ExtensionService#_doActivateExtension vscode.git-base, startup: false, activationEvent: '*', root cause: vscode.git
[2024-01-13 14:52:33.116] [exthost] [info] ExtensionService#_doActivateExtension vscode.ipynb, startup: false, activationEvent: '*'
[2024-01-13 14:52:33.317] [exthost] [info] ExtensionService#_doActivateExtension vscode.git, startup: false, activationEvent: '*'
[2024-01-13 14:52:33.422] [exthost] [info] ExtensionService#_doActivateExtension vscode.github, startup: false, activationEvent: '*'
[2024-01-13 14:52:33.653] [exthost] [info] ExtensionService#_doActivateExtension vscode.emmet, startup: false, activationEvent: 'onStartupFinished'
[2024-01-13 14:52:33.677] [exthost] [info] ExtensionService#_doActivateExtension vscode.merge-conflict, startup: false, activationEvent: 'onStartupFinished'
[2024-01-13 14:52:33.683] [exthost] [info] Eager extensions activated
[2024-01-13 14:52:34.803] [exthost] [info] ExtensionService#_doActivateExtension vscode.extension-editing, startup: false, activationEvent: 'onLanguage:markdown'
[2024-01-13 14:52:34.920] [exthost] [info] ExtensionService#_doActivateExtension vscode.markdown-math, startup: false, activationEvent: 'api', root cause: vscode.markdown-language-features
[2024-01-13 14:52:45.621] [exthost] [info] ExtensionService#_doActivateExtension batisteo.vscode-django, startup: false, activationEvent: 'onLanguage:python'
[2024-01-13 14:52:46.481] [exthost] [info] ExtensionService#_doActivateExtension formulahendry.code-runner, startup: false, activationEvent: 'onStartupFinished'
[2024-01-13 14:53:04.766] [exthost] [info] ExtensionService#_doActivateExtension ms-toolsai.jupyter, startup: false, activationEvent: 'onLanguage:python'
[2024-01-13 14:53:05.265] [exthost] [info] ExtensionService#_doActivateExtension ms-python.python, startup: false, activationEvent: 'onLanguage:python'
[2024-01-13 14:53:06.378] [exthost] [info] ExtensionService#_doActivateExtension ms-toolsai.jupyter-renderers, startup: false, activationEvent: 'api', root cause: ms-toolsai.jupyter
[2024-01-13 14:56:47.466] [exthost] [info] Extension host terminating: received terminate message from renderer
[2024-01-13 14:56:47.467] [exthost] [info] Lock '/config/data/User/workspaceStorage/3fe5c27f/vscode.lock': Marking the lockfile as scheduled to be released in 6000 ms.
[2024-01-13 14:56:47.508] [exthost] [info] Extension host with pid 229 exiting with code 0
