[2024-01-13T09:22:33.582Z] Log level: Info
[2024-01-13T09:22:33.590Z] [info] Validating found git in: git
[2024-01-13T09:22:33.631Z] [info] Using git 2.25.1 from git
[2024-01-13T09:22:33.692Z] > git rev-parse --show-toplevel [42ms]
[2024-01-13T09:22:33.705Z] > git rev-parse --git-dir --git-common-dir [1ms]
[2024-01-13T09:22:33.714Z] [info] Open repository: /config/workspace
[2024-01-13T09:22:33.735Z] > git status -z -uall [8ms]
[2024-01-13T09:22:33.745Z] > git symbolic-ref --short HEAD [1ms]
[2024-01-13T09:22:33.755Z] > git for-each-ref --format=%(refname)%00%(upstream:short)%00%(objectname)%00%(upstream:track)%00%(upstream:remotename)%00%(upstream:remoteref) refs/heads/main refs/remotes/main [2ms]
[2024-01-13T09:22:33.775Z] > git remote --verbose [2ms]
[2024-01-13T09:22:33.776Z] > git for-each-ref --sort -committerdate --format %(refname) %(objectname) %(*objectname) [11ms]
[2024-01-13T09:22:33.792Z] > git config --get commit.template [1ms]
[2024-01-13T09:22:33.807Z] > git status -z -uall [3ms]
[2024-01-13T09:22:33.817Z] > git symbolic-ref --short HEAD [2ms]
[2024-01-13T09:22:33.827Z] > git for-each-ref --format=%(refname)%00%(upstream:short)%00%(objectname)%00%(upstream:track)%00%(upstream:remotename)%00%(upstream:remoteref) refs/heads/main refs/remotes/main [1ms]
[2024-01-13T09:22:33.845Z] > git for-each-ref --sort -committerdate --format %(refname) %(objectname) %(*objectname) [9ms]
[2024-01-13T09:22:33.846Z] > git remote --verbose [2ms]
[2024-01-13T09:22:33.857Z] > git config --get commit.template [1ms]
[2024-01-13T09:22:34.416Z] > git check-ignore -v -z --stdin [1ms]
[2024-01-13T09:22:41.073Z] > git check-ignore -v -z --stdin [2ms]
[2024-01-13T09:22:41.521Z] > git status -z -uall [2ms]
[2024-01-13T09:22:41.534Z] > git symbolic-ref --short HEAD [1ms]
[2024-01-13T09:22:41.548Z] > git for-each-ref --format=%(refname)%00%(upstream:short)%00%(objectname)%00%(upstream:track)%00%(upstream:remotename)%00%(upstream:remoteref) refs/heads/main refs/remotes/main [2ms]
[2024-01-13T09:22:41.573Z] > git for-each-ref --sort -committerdate --format %(refname) %(objectname) %(*objectname) [13ms]
[2024-01-13T09:22:41.573Z] > git remote --verbose [2ms]
[2024-01-13T09:22:41.587Z] > git config --get commit.template [1ms]
[2024-01-13T09:22:52.474Z] > git check-ignore -v -z --stdin [1ms]
[2024-01-13T09:22:52.922Z] > git status -z -uall [2ms]
[2024-01-13T09:22:52.931Z] > git symbolic-ref --short HEAD [2ms]
[2024-01-13T09:22:52.940Z] > git for-each-ref --format=%(refname)%00%(upstream:short)%00%(objectname)%00%(upstream:track)%00%(upstream:remotename)%00%(upstream:remoteref) refs/heads/main refs/remotes/main [2ms]
[2024-01-13T09:22:52.957Z] > git for-each-ref --sort -committerdate --format %(refname) %(objectname) %(*objectname) [9ms]
[2024-01-13T09:22:52.958Z] > git remote --verbose [2ms]
[2024-01-13T09:22:52.970Z] > git config --get commit.template [2ms]
[2024-01-13T09:23:12.129Z] > git check-ignore -v -z --stdin [2ms]
[2024-01-13T09:23:12.586Z] > git status -z -uall [3ms]
[2024-01-13T09:23:12.608Z] > git symbolic-ref --short HEAD [1ms]
[2024-01-13T09:23:12.631Z] > git for-each-ref --format=%(refname)%00%(upstream:short)%00%(objectname)%00%(upstream:track)%00%(upstream:remotename)%00%(upstream:remoteref) refs/heads/main refs/remotes/main [2ms]
[2024-01-13T09:23:12.674Z] > git for-each-ref --sort -committerdate --format %(refname) %(objectname) %(*objectname) [22ms]
[2024-01-13T09:23:12.675Z] > git remote --verbose [2ms]
[2024-01-13T09:23:12.699Z] > git config --get commit.template [1ms]
[2024-01-13T09:23:32.501Z] > git status -z -uall [3ms]
[2024-01-13T09:23:32.513Z] > git symbolic-ref --short HEAD [1ms]
[2024-01-13T09:23:32.526Z] > git for-each-ref --format=%(refname)%00%(upstream:short)%00%(objectname)%00%(upstream:track)%00%(upstream:remotename)%00%(upstream:remoteref) refs/heads/main refs/remotes/main [1ms]
[2024-01-13T09:23:32.550Z] > git for-each-ref --sort -committerdate --format %(refname) %(objectname) %(*objectname) [12ms]
[2024-01-13T09:23:32.551Z] > git remote --verbose [2ms]
[2024-01-13T09:23:32.565Z] > git config --get commit.template [1ms]
[2024-01-13T09:23:41.340Z] > git show --textconv :weather/templates/index.html [14ms]
[2024-01-13T09:23:41.342Z] > git ls-files --stage -- /config/workspace/weather/templates/index.html [3ms]
[2024-01-13T09:23:41.940Z] > git status -z -uall [3ms]
[2024-01-13T09:23:41.954Z] > git symbolic-ref --short HEAD [1ms]
[2024-01-13T09:23:41.968Z] > git for-each-ref --format=%(refname)%00%(upstream:short)%00%(objectname)%00%(upstream:track)%00%(upstream:remotename)%00%(upstream:remoteref) refs/heads/main refs/remotes/main [2ms]
[2024-01-13T09:23:41.996Z] > git for-each-ref --sort -committerdate --format %(refname) %(objectname) %(*objectname) [15ms]
[2024-01-13T09:23:41.997Z] > git remote --verbose [3ms]
[2024-01-13T09:23:42.018Z] > git config --get commit.template [1ms]
[2024-01-13T09:24:23.226Z] > git status -z -uall [3ms]
[2024-01-13T09:24:23.239Z] > git symbolic-ref --short HEAD [2ms]
[2024-01-13T09:24:23.252Z] > git for-each-ref --format=%(refname)%00%(upstream:short)%00%(objectname)%00%(upstream:track)%00%(upstream:remotename)%00%(upstream:remoteref) refs/heads/main refs/remotes/main [1ms]
[2024-01-13T09:24:23.278Z] > git remote --verbose [2ms]
[2024-01-13T09:24:23.279Z] > git for-each-ref --sort -committerdate --format %(refname) %(objectname) %(*objectname) [16ms]
[2024-01-13T09:24:23.298Z] > git config --get commit.template [2ms]
[2024-01-13T09:24:37.844Z] > git status -z -uall [2ms]
[2024-01-13T09:24:37.859Z] > git symbolic-ref --short HEAD [1ms]
[2024-01-13T09:24:37.874Z] > git for-each-ref --format=%(refname)%00%(upstream:short)%00%(objectname)%00%(upstream:track)%00%(upstream:remotename)%00%(upstream:remoteref) refs/heads/main refs/remotes/main [1ms]
[2024-01-13T09:24:37.903Z] > git for-each-ref --sort -committerdate --format %(refname) %(objectname) %(*objectname) [15ms]
[2024-01-13T09:24:37.903Z] > git remote --verbose [1ms]
[2024-01-13T09:24:37.920Z] > git config --get commit.template [1ms]
[2024-01-13T09:24:49.287Z] > git status -z -uall [2ms]
[2024-01-13T09:24:49.301Z] > git symbolic-ref --short HEAD [2ms]
[2024-01-13T09:24:49.315Z] > git for-each-ref --format=%(refname)%00%(upstream:short)%00%(objectname)%00%(upstream:track)%00%(upstream:remotename)%00%(upstream:remoteref) refs/heads/main refs/remotes/main [2ms]
[2024-01-13T09:24:49.345Z] > git for-each-ref --sort -committerdate --format %(refname) %(objectname) %(*objectname) [15ms]
[2024-01-13T09:24:49.345Z] > git remote --verbose [2ms]
[2024-01-13T09:24:49.362Z] > git config --get commit.template [1ms]
[2024-01-13T09:24:57.960Z] > git check-ignore -v -z --stdin [1ms]
[2024-01-13T09:24:58.437Z] > git status -z -uall [36ms]
[2024-01-13T09:24:58.454Z] > git symbolic-ref --short HEAD [1ms]
[2024-01-13T09:24:58.470Z] > git for-each-ref --format=%(refname)%00%(upstream:short)%00%(objectname)%00%(upstream:track)%00%(upstream:remotename)%00%(upstream:remoteref) refs/heads/main refs/remotes/main [2ms]
[2024-01-13T09:24:58.500Z] > git remote --verbose [1ms]
[2024-01-13T09:24:58.500Z] > git for-each-ref --sort -committerdate --format %(refname) %(objectname) %(*objectname) [17ms]
[2024-01-13T09:24:58.517Z] > git config --get commit.template [1ms]
[2024-01-13T09:25:06.042Z] > git show --textconv :weather/tempaltes/index.html [14ms]
[2024-01-13T09:25:06.043Z] > git ls-files --stage -- /config/workspace/weather/tempaltes/index.html [2ms]
[2024-01-13T09:25:06.174Z] > git check-ignore -v -z --stdin [1ms]
[2024-01-13T09:25:06.641Z] > git status -z -uall [3ms]
[2024-01-13T09:25:06.654Z] > git symbolic-ref --short HEAD [2ms]
[2024-01-13T09:25:06.667Z] > git for-each-ref --format=%(refname)%00%(upstream:short)%00%(objectname)%00%(upstream:track)%00%(upstream:remotename)%00%(upstream:remoteref) refs/heads/main refs/remotes/main [2ms]
[2024-01-13T09:25:06.691Z] > git for-each-ref --sort -committerdate --format %(refname) %(objectname) %(*objectname) [13ms]
[2024-01-13T09:25:06.692Z] > git remote --verbose [2ms]
[2024-01-13T09:25:06.710Z] > git config --get commit.template [1ms]
[2024-01-13T09:25:38.445Z] > git show --textconv :weather/templates/index.html [12ms]
[2024-01-13T09:25:38.446Z] > git ls-files --stage -- /config/workspace/weather/templates/index.html [2ms]
[2024-01-13T09:25:38.950Z] > git status -z -uall [2ms]
[2024-01-13T09:25:38.962Z] > git symbolic-ref --short HEAD [1ms]
[2024-01-13T09:25:38.975Z] > git for-each-ref --format=%(refname)%00%(upstream:short)%00%(objectname)%00%(upstream:track)%00%(upstream:remotename)%00%(upstream:remoteref) refs/heads/main refs/remotes/main [2ms]
[2024-01-13T09:25:38.998Z] > git for-each-ref --sort -committerdate --format %(refname) %(objectname) %(*objectname) [12ms]
[2024-01-13T09:25:38.998Z] > git remote --verbose [1ms]
[2024-01-13T09:25:39.013Z] > git config --get commit.template [1ms]
[2024-01-13T09:26:26.180Z] > git status -z -uall [2ms]
[2024-01-13T09:26:26.213Z] > git symbolic-ref --short HEAD [21ms]
[2024-01-13T09:26:26.227Z] > git for-each-ref --format=%(refname)%00%(upstream:short)%00%(objectname)%00%(upstream:track)%00%(upstream:remotename)%00%(upstream:remoteref) refs/heads/main refs/remotes/main [2ms]
[2024-01-13T09:26:26.249Z] > git for-each-ref --sort -committerdate --format %(refname) %(objectname) %(*objectname) [12ms]
[2024-01-13T09:26:26.250Z] > git remote --verbose [2ms]
[2024-01-13T09:26:26.267Z] > git config --get commit.template [1ms]
[2024-01-13T09:26:34.711Z] > git status -z -uall [3ms]
[2024-01-13T09:26:34.724Z] > git symbolic-ref --short HEAD [2ms]
[2024-01-13T09:26:34.737Z] > git for-each-ref --format=%(refname)%00%(upstream:short)%00%(objectname)%00%(upstream:track)%00%(upstream:remotename)%00%(upstream:remoteref) refs/heads/main refs/remotes/main [2ms]
[2024-01-13T09:26:34.763Z] > git for-each-ref --sort -committerdate --format %(refname) %(objectname) %(*objectname) [13ms]
[2024-01-13T09:26:34.764Z] > git remote --verbose [2ms]
[2024-01-13T09:26:34.778Z] > git config --get commit.template [2ms]
[2024-01-13T09:26:40.891Z] > git show --textconv :weather/templates [10ms]
[2024-01-13T09:26:40.892Z] > git ls-files --stage -- /config/workspace/weather/templates [1ms]
[2024-01-13T09:26:41.495Z] > git status -z -uall [3ms]
[2024-01-13T09:26:41.507Z] > git symbolic-ref --short HEAD [1ms]
[2024-01-13T09:26:41.520Z] > git for-each-ref --format=%(refname)%00%(upstream:short)%00%(objectname)%00%(upstream:track)%00%(upstream:remotename)%00%(upstream:remoteref) refs/heads/main refs/remotes/main [1ms]
[2024-01-13T09:26:41.544Z] > git for-each-ref --sort -committerdate --format %(refname) %(objectname) %(*objectname) [12ms]
[2024-01-13T09:26:41.544Z] > git remote --verbose [1ms]
[2024-01-13T09:26:41.561Z] > git config --get commit.template [1ms]
